<?xml version="1.0" encoding="UTF-8"?>
<!-- Generated by org.testng.reporters.JUnitXMLReporter -->
<testsuite ignored="0" hostname="DESKTOP-AL6N056" failures="0" tests="6" name="Default test" time="107.419" errors="0" timestamp="2020-06-19T14:45:36 IST">
  <testcase classname="com.clearcode.testsuite.TestSuite1" name="realEstate" time="12.442"/>
  <testcase classname="com.clearcode.testsuite.TestSuite1" name="realEstate" time="11.26"/>
  <testcase classname="com.clearcode.testsuite.TestSuite1" name="realEstate" time="11.044"/>
  <testcase classname="com.clearcode.testsuite.TestSuite1" name="secondTest" time="11.513"/>
  <testcase classname="com.clearcode.testsuite.TestSuite1" name="secondTest" time="11.43"/>
  <testcase classname="com.clearcode.testsuite.TestSuite1" name="secondTest" time="12.177"/>
</testsuite> <!-- Default test -->
