<?xml version="1.0" encoding="UTF-8"?>
<testng-results ignored="0" total="6" passed="6" failed="0" skipped="0">
  <reporter-output>
    <line>
      <![CDATA[STEP1]]>
    </line>
    <line>
      <![CDATA[STEP2]]>
    </line>
    <line>
      <![CDATA[STEP3]]>
    </line>
    <line>
      <![CDATA[STEP4]]>
    </line>
    <line>
      <![CDATA[STEP5]]>
    </line>
    <line>
      <![CDATA[STEP6]]>
    </line>
    <line>
      <![CDATA[STEP7]]>
    </line>
    <line>
      <![CDATA[STEP8]]>
    </line>
    <line>
      <![CDATA[STEP9]]>
    </line>
    <line>
      <![CDATA[STEP10]]>
    </line>
    <line>
      <![CDATA[STEP11]]>
    </line>
    <line>
      <![CDATA[STEP12]]>
    </line>
    <line>
      <![CDATA[STEP13]]>
    </line>
    <line>
      <![CDATA[STEP14]]>
    </line>
    <line>
      <![CDATA[STEP15]]>
    </line>
    <line>
      <![CDATA[STEP16]]>
    </line>
    <line>
      <![CDATA[STEP17]]>
    </line>
    <line>
      <![CDATA[STEP18]]>
    </line>
    <line>
      <![CDATA[STEP19]]>
    </line>
    <line>
      <![CDATA[STEP20]]>
    </line>
    <line>
      <![CDATA[STEP21]]>
    </line>
    <line>
      <![CDATA[STEP22]]>
    </line>
    <line>
      <![CDATA[STEP23]]>
    </line>
    <line>
      <![CDATA[STEP24]]>
    </line>
    <line>
      <![CDATA[STEP25]]>
    </line>
    <line>
      <![CDATA[STEP26]]>
    </line>
    <line>
      <![CDATA[STEP27]]>
    </line>
    <line>
      <![CDATA[STEP28]]>
    </line>
    <line>
      <![CDATA[STEP29]]>
    </line>
    <line>
      <![CDATA[STEP30]]>
    </line>
    <line>
      <![CDATA[STEP31]]>
    </line>
    <line>
      <![CDATA[STEP32]]>
    </line>
    <line>
      <![CDATA[STEP33]]>
    </line>
    <line>
      <![CDATA[STEP34]]>
    </line>
    <line>
      <![CDATA[STEP35]]>
    </line>
    <line>
      <![CDATA[STEP36]]>
    </line>
    <line>
      <![CDATA[STEP37]]>
    </line>
    <line>
      <![CDATA[STEP38]]>
    </line>
    <line>
      <![CDATA[STEP39]]>
    </line>
    <line>
      <![CDATA[STEP40]]>
    </line>
    <line>
      <![CDATA[STEP41]]>
    </line>
    <line>
      <![CDATA[STEP42]]>
    </line>
    <line>
      <![CDATA[STEP43]]>
    </line>
    <line>
      <![CDATA[STEP44]]>
    </line>
    <line>
      <![CDATA[STEP45]]>
    </line>
    <line>
      <![CDATA[STEP46]]>
    </line>
    <line>
      <![CDATA[STEP47]]>
    </line>
    <line>
      <![CDATA[STEP48]]>
    </line>
    <line>
      <![CDATA[STEP49]]>
    </line>
    <line>
      <![CDATA[STEP50]]>
    </line>
    <line>
      <![CDATA[STEP51]]>
    </line>
    <line>
      <![CDATA[STEP52]]>
    </line>
    <line>
      <![CDATA[STEP53]]>
    </line>
    <line>
      <![CDATA[STEP54]]>
    </line>
    <line>
      <![CDATA[STEP55]]>
    </line>
    <line>
      <![CDATA[STEP56]]>
    </line>
    <line>
      <![CDATA[STEP57]]>
    </line>
    <line>
      <![CDATA[STEP58]]>
    </line>
    <line>
      <![CDATA[STEP59]]>
    </line>
    <line>
      <![CDATA[STEP60]]>
    </line>
    <line>
      <![CDATA[STEP61]]>
    </line>
  </reporter-output>
  <suite started-at="2020-06-19T14:43:48 IST" name="Default suite" finished-at="2020-06-19T14:45:36 IST" duration-ms="107419">
    <groups>
    </groups>
    <test started-at="2020-06-19T14:43:48 IST" name="Default test" finished-at="2020-06-19T14:45:36 IST" duration-ms="107419">
      <class name="com.clearcode.testsuite.TestSuite1">
        <test-method is-config="true" signature="launch()[pri:0, instance:com.clearcode.testsuite.TestSuite1@4df50bcc]" started-at="2020-06-19T14:43:48 IST" name="launch" finished-at="2020-06-19T14:43:56 IST" duration-ms="7272" status="PASS">
          <reporter-output>
            <line>
              <![CDATA[STEP1]]>
            </line>
          </reporter-output>
        </test-method> <!-- launch -->
        <test-method is-config="true" signature="loadUrl()[pri:0, instance:com.clearcode.testsuite.TestSuite1@4df50bcc]" started-at="2020-06-19T14:43:57 IST" name="loadUrl" finished-at="2020-06-19T14:44:10 IST" duration-ms="13722" status="PASS">
          <reporter-output>
            <line>
              <![CDATA[STEP2]]>
            </line>
            <line>
              <![CDATA[STEP3]]>
            </line>
          </reporter-output>
        </test-method> <!-- loadUrl -->
        <test-method signature="realEstate(java.lang.String, java.lang.String, java.lang.String, java.lang.String, java.lang.String)[pri:0, instance:com.clearcode.testsuite.TestSuite1@4df50bcc]" started-at="2020-06-19T14:44:10 IST" name="realEstate" data-provider="addData" finished-at="2020-06-19T14:44:23 IST" duration-ms="12442" status="PASS">
          <params>
            <param index="0">
              <value>
                <![CDATA[TestData1]]>
              </value>
            </param>
            <param index="1">
              <value>
                <![CDATA[33568]]>
              </value>
            </param>
            <param index="2">
              <value>
                <![CDATA[2345]]>
              </value>
            </param>
            <param index="3">
              <value>
                <![CDATA[20]]>
              </value>
            </param>
            <param index="4">
              <value>
                <![CDATA[7]]>
              </value>
            </param>
          </params>
          <reporter-output>
            <line>
              <![CDATA[STEP4]]>
            </line>
            <line>
              <![CDATA[STEP5]]>
            </line>
            <line>
              <![CDATA[STEP6]]>
            </line>
            <line>
              <![CDATA[STEP7]]>
            </line>
            <line>
              <![CDATA[STEP8]]>
            </line>
            <line>
              <![CDATA[STEP9]]>
            </line>
            <line>
              <![CDATA[STEP10]]>
            </line>
            <line>
              <![CDATA[STEP11]]>
            </line>
          </reporter-output>
        </test-method> <!-- realEstate -->
        <test-method is-config="true" signature="loadUrl()[pri:0, instance:com.clearcode.testsuite.TestSuite1@4df50bcc]" started-at="2020-06-19T14:44:23 IST" name="loadUrl" finished-at="2020-06-19T14:44:26 IST" duration-ms="3447" status="PASS">
          <reporter-output>
            <line>
              <![CDATA[STEP12]]>
            </line>
            <line>
              <![CDATA[STEP13]]>
            </line>
          </reporter-output>
        </test-method> <!-- loadUrl -->
        <test-method signature="realEstate(java.lang.String, java.lang.String, java.lang.String, java.lang.String, java.lang.String)[pri:0, instance:com.clearcode.testsuite.TestSuite1@4df50bcc]" started-at="2020-06-19T14:44:26 IST" name="realEstate" data-provider="addData" finished-at="2020-06-19T14:44:38 IST" duration-ms="11260" status="PASS">
          <params>
            <param index="0">
              <value>
                <![CDATA[TestData2]]>
              </value>
            </param>
            <param index="1">
              <value>
                <![CDATA[500000]]>
              </value>
            </param>
            <param index="2">
              <value>
                <![CDATA[2000]]>
              </value>
            </param>
            <param index="3">
              <value>
                <![CDATA[30]]>
              </value>
            </param>
            <param index="4">
              <value>
                <![CDATA[7]]>
              </value>
            </param>
          </params>
          <reporter-output>
            <line>
              <![CDATA[STEP14]]>
            </line>
            <line>
              <![CDATA[STEP15]]>
            </line>
            <line>
              <![CDATA[STEP16]]>
            </line>
            <line>
              <![CDATA[STEP17]]>
            </line>
            <line>
              <![CDATA[STEP18]]>
            </line>
            <line>
              <![CDATA[STEP19]]>
            </line>
            <line>
              <![CDATA[STEP20]]>
            </line>
            <line>
              <![CDATA[STEP21]]>
            </line>
          </reporter-output>
        </test-method> <!-- realEstate -->
        <test-method is-config="true" signature="loadUrl()[pri:0, instance:com.clearcode.testsuite.TestSuite1@4df50bcc]" started-at="2020-06-19T14:44:38 IST" name="loadUrl" finished-at="2020-06-19T14:44:40 IST" duration-ms="2930" status="PASS">
          <reporter-output>
            <line>
              <![CDATA[STEP22]]>
            </line>
            <line>
              <![CDATA[STEP23]]>
            </line>
          </reporter-output>
        </test-method> <!-- loadUrl -->
        <test-method signature="realEstate(java.lang.String, java.lang.String, java.lang.String, java.lang.String, java.lang.String)[pri:0, instance:com.clearcode.testsuite.TestSuite1@4df50bcc]" started-at="2020-06-19T14:44:40 IST" name="realEstate" data-provider="addData" finished-at="2020-06-19T14:44:51 IST" duration-ms="11044" status="PASS">
          <params>
            <param index="0">
              <value>
                <![CDATA[TestData3]]>
              </value>
            </param>
            <param index="1">
              <value>
                <![CDATA[8900]]>
              </value>
            </param>
            <param index="2">
              <value>
                <![CDATA[900]]>
              </value>
            </param>
            <param index="3">
              <value>
                <![CDATA[10]]>
              </value>
            </param>
            <param index="4">
              <value>
                <![CDATA[5]]>
              </value>
            </param>
          </params>
          <reporter-output>
            <line>
              <![CDATA[STEP24]]>
            </line>
            <line>
              <![CDATA[STEP25]]>
            </line>
            <line>
              <![CDATA[STEP26]]>
            </line>
            <line>
              <![CDATA[STEP27]]>
            </line>
            <line>
              <![CDATA[STEP28]]>
            </line>
            <line>
              <![CDATA[STEP29]]>
            </line>
            <line>
              <![CDATA[STEP30]]>
            </line>
            <line>
              <![CDATA[STEP31]]>
            </line>
          </reporter-output>
        </test-method> <!-- realEstate -->
        <test-method is-config="true" signature="loadUrl()[pri:0, instance:com.clearcode.testsuite.TestSuite1@4df50bcc]" started-at="2020-06-19T14:44:52 IST" name="loadUrl" finished-at="2020-06-19T14:44:54 IST" duration-ms="2589" status="PASS">
          <reporter-output>
            <line>
              <![CDATA[STEP32]]>
            </line>
            <line>
              <![CDATA[STEP33]]>
            </line>
          </reporter-output>
        </test-method> <!-- loadUrl -->
        <test-method signature="secondTest(java.lang.String, java.lang.String, java.lang.String, java.lang.String, java.lang.String)[pri:0, instance:com.clearcode.testsuite.TestSuite1@4df50bcc]" started-at="2020-06-19T14:44:54 IST" name="secondTest" data-provider="negativeScenario" finished-at="2020-06-19T14:45:06 IST" duration-ms="11513" status="PASS">
          <params>
            <param index="0">
              <value>
                <![CDATA[TestData1]]>
              </value>
            </param>
            <param index="1">
              <value>
                <![CDATA[]]>
              </value>
            </param>
            <param index="2">
              <value>
                <![CDATA[]]>
              </value>
            </param>
            <param index="3">
              <value>
                <![CDATA[]]>
              </value>
            </param>
            <param index="4">
              <value>
                <![CDATA[]]>
              </value>
            </param>
          </params>
          <reporter-output>
            <line>
              <![CDATA[STEP34]]>
            </line>
            <line>
              <![CDATA[STEP35]]>
            </line>
            <line>
              <![CDATA[STEP36]]>
            </line>
            <line>
              <![CDATA[STEP37]]>
            </line>
            <line>
              <![CDATA[STEP38]]>
            </line>
            <line>
              <![CDATA[STEP39]]>
            </line>
            <line>
              <![CDATA[STEP40]]>
            </line>
            <line>
              <![CDATA[STEP41]]>
            </line>
          </reporter-output>
        </test-method> <!-- secondTest -->
        <test-method is-config="true" signature="loadUrl()[pri:0, instance:com.clearcode.testsuite.TestSuite1@4df50bcc]" started-at="2020-06-19T14:45:06 IST" name="loadUrl" finished-at="2020-06-19T14:45:09 IST" duration-ms="3252" status="PASS">
          <reporter-output>
            <line>
              <![CDATA[STEP42]]>
            </line>
            <line>
              <![CDATA[STEP43]]>
            </line>
          </reporter-output>
        </test-method> <!-- loadUrl -->
        <test-method signature="secondTest(java.lang.String, java.lang.String, java.lang.String, java.lang.String, java.lang.String)[pri:0, instance:com.clearcode.testsuite.TestSuite1@4df50bcc]" started-at="2020-06-19T14:45:09 IST" name="secondTest" data-provider="negativeScenario" finished-at="2020-06-19T14:45:20 IST" duration-ms="11430" status="PASS">
          <params>
            <param index="0">
              <value>
                <![CDATA[TestData2]]>
              </value>
            </param>
            <param index="1">
              <value>
                <![CDATA[500000]]>
              </value>
            </param>
            <param index="2">
              <value>
                <![CDATA[]]>
              </value>
            </param>
            <param index="3">
              <value>
                <![CDATA[]]>
              </value>
            </param>
            <param index="4">
              <value>
                <![CDATA[]]>
              </value>
            </param>
          </params>
          <reporter-output>
            <line>
              <![CDATA[STEP44]]>
            </line>
            <line>
              <![CDATA[STEP45]]>
            </line>
            <line>
              <![CDATA[STEP46]]>
            </line>
            <line>
              <![CDATA[STEP47]]>
            </line>
            <line>
              <![CDATA[STEP48]]>
            </line>
            <line>
              <![CDATA[STEP49]]>
            </line>
            <line>
              <![CDATA[STEP50]]>
            </line>
            <line>
              <![CDATA[STEP51]]>
            </line>
          </reporter-output>
        </test-method> <!-- secondTest -->
        <test-method is-config="true" signature="loadUrl()[pri:0, instance:com.clearcode.testsuite.TestSuite1@4df50bcc]" started-at="2020-06-19T14:45:20 IST" name="loadUrl" finished-at="2020-06-19T14:45:24 IST" duration-ms="3218" status="PASS">
          <reporter-output>
            <line>
              <![CDATA[STEP52]]>
            </line>
            <line>
              <![CDATA[STEP53]]>
            </line>
          </reporter-output>
        </test-method> <!-- loadUrl -->
        <test-method signature="secondTest(java.lang.String, java.lang.String, java.lang.String, java.lang.String, java.lang.String)[pri:0, instance:com.clearcode.testsuite.TestSuite1@4df50bcc]" started-at="2020-06-19T14:45:24 IST" name="secondTest" data-provider="negativeScenario" finished-at="2020-06-19T14:45:36 IST" duration-ms="12177" status="PASS">
          <params>
            <param index="0">
              <value>
                <![CDATA[TestData3]]>
              </value>
            </param>
            <param index="1">
              <value>
                <![CDATA[8900]]>
              </value>
            </param>
            <param index="2">
              <value>
                <![CDATA[900]]>
              </value>
            </param>
            <param index="3">
              <value>
                <![CDATA[9]]>
              </value>
            </param>
            <param index="4">
              <value>
                <![CDATA[]]>
              </value>
            </param>
          </params>
          <reporter-output>
            <line>
              <![CDATA[STEP54]]>
            </line>
            <line>
              <![CDATA[STEP55]]>
            </line>
            <line>
              <![CDATA[STEP56]]>
            </line>
            <line>
              <![CDATA[STEP57]]>
            </line>
            <line>
              <![CDATA[STEP58]]>
            </line>
            <line>
              <![CDATA[STEP59]]>
            </line>
            <line>
              <![CDATA[STEP60]]>
            </line>
            <line>
              <![CDATA[STEP61]]>
            </line>
          </reporter-output>
        </test-method> <!-- secondTest -->
        <test-method is-config="true" signature="close()[pri:0, instance:com.clearcode.testsuite.TestSuite1@4df50bcc]" started-at="2020-06-19T14:45:36 IST" name="close" finished-at="2020-06-19T14:45:36 IST" duration-ms="2" status="PASS">
          <reporter-output>
          </reporter-output>
        </test-method> <!-- close -->
      </class> <!-- com.clearcode.testsuite.TestSuite1 -->
    </test> <!-- Default test -->
  </suite> <!-- Default suite -->
</testng-results>
